server.py - 233 - INFO 2022-10-11 08:53:16,365 - sio enter?
server.py - 246 - INFO 2022-10-11 08:53:16,378 - enter socketIO namespace:/socket_io room:bingchilling-autoReload
server.py - 233 - INFO 2022-10-11 08:53:57,906 - sio enter?
server.py - 246 - INFO 2022-10-11 08:53:57,906 - enter socketIO namespace:/socket_io room:bingchilling-autoReload
server.py - 233 - INFO 2022-11-20 21:43:41,217 - sio enter?
server.py - 246 - INFO 2022-11-20 21:43:41,233 - enter socketIO namespace:/socket_io room:bingchilling-autoReload
server.py - 233 - INFO 2022-11-20 21:44:22,270 - sio enter?
server.py - 246 - INFO 2022-11-20 21:44:22,270 - enter socketIO namespace:/socket_io room:bingchilling-autoReload
server.py - 233 - INFO 2022-11-20 21:44:26,461 - sio enter?
server.py - 246 - INFO 2022-11-20 21:44:26,461 - enter socketIO namespace:/socket_io room:bingchilling-autoReload
BuildPage.py - 65 - ERROR 2023-12-29 22:52:23,570 - [Errno 2] No such file or directory: '/home/wumbl3vps/Dev/bingchilling-game/frontend/bingchilling/#mu.html'
Traceback (most recent call last):
  File "/home/wumbl3vps/Dev-23/zyXServe/zyXServe/zyXServe/BuildPage.py", line 53, in buildPage
    with open(f"{dev_path}/#mu.html", "rb") as basehtml:
FileNotFoundError: [Errno 2] No such file or directory: '/home/wumbl3vps/Dev/bingchilling-game/frontend/bingchilling/#mu.html'
Decor.py - 19 - INFO 2023-12-29 22:52:23,573 - buildPage took 3155ns
BuildPage.py - 65 - ERROR 2023-12-29 22:55:55,142 - [Errno 2] No such file or directory: '/home/wumbl3vps/Dev/bingchilling-game/frontend/bingchilling/#mu.html'
Traceback (most recent call last):
  File "/home/wumbl3vps/Dev-23/zyXServe/zyXServe/zyXServe/BuildPage.py", line 53, in buildPage
    with open(f"{dev_path}/#mu.html", "rb") as basehtml:
FileNotFoundError: [Errno 2] No such file or directory: '/home/wumbl3vps/Dev/bingchilling-game/frontend/bingchilling/#mu.html'
Decor.py - 19 - INFO 2023-12-29 22:55:55,143 - buildPage took 1290ns
Decor.py - 19 - INFO 2023-12-29 22:56:38,318 - getBuild took 69ns
Decor.py - 19 - INFO 2023-12-29 22:56:38,323 - renderBuild took 4178ns
BuildPage.py - 65 - ERROR 2023-12-29 22:58:14,090 - [Errno 2] No such file or directory: '/home/wumbl3vps/Dev/bingchilling-game/frontend/bingchilling/#mu.html'
Traceback (most recent call last):
  File "/home/wumbl3vps/Dev-23/zyXServe/zyXServe/zyXServe/BuildPage.py", line 53, in buildPage
    with open(f"{dev_path}/#mu.html", "rb") as basehtml:
FileNotFoundError: [Errno 2] No such file or directory: '/home/wumbl3vps/Dev/bingchilling-game/frontend/bingchilling/#mu.html'
Decor.py - 19 - INFO 2023-12-29 22:58:14,091 - buildPage took 2112ns
Decor.py - 19 - INFO 2023-12-29 22:58:15,500 - getBuild took 76ns
Decor.py - 19 - INFO 2023-12-29 22:58:15,503 - renderBuild took 2717ns
Decor.py - 19 - INFO 2023-12-29 22:58:19,620 - getBuild took 59ns
Decor.py - 19 - INFO 2023-12-29 22:58:19,622 - renderBuild took 2172ns
BuildPage.py - 63 - INFO 2023-12-29 22:59:14,318 - Build bingchilling complete, 2296 bytes, files: 4
Decor.py - 19 - INFO 2023-12-29 22:59:14,318 - buildPage took 23051ns
BuildPage.py - 63 - INFO 2023-12-29 22:59:15,830 - Build bingchilling complete, 2296 bytes, files: 4
Decor.py - 19 - INFO 2023-12-29 22:59:15,830 - buildPage took 4359ns
BuildPage.py - 63 - INFO 2023-12-29 22:59:16,838 - Build bingchilling complete, 2296 bytes, files: 4
Decor.py - 19 - INFO 2023-12-29 22:59:16,838 - buildPage took 4871ns
BuildPage.py - 63 - INFO 2023-12-29 23:00:18,043 - Build bingchilling complete, 2296 bytes, files: 4
Decor.py - 19 - INFO 2023-12-29 23:00:18,043 - buildPage took 5828ns
BuildPage.py - 63 - INFO 2023-12-29 23:00:23,566 - Build bingchilling complete, 2296 bytes, files: 4
Decor.py - 19 - INFO 2023-12-29 23:00:23,566 - buildPage took 4444ns
Decor.py - 19 - INFO 2023-12-29 23:10:51,037 - getBuild took 433ns
Decor.py - 19 - INFO 2023-12-29 23:10:51,042 - renderBuild took 4757ns
Decor.py - 19 - INFO 2023-12-29 23:11:35,344 - getBuild took 97ns
Decor.py - 19 - INFO 2023-12-29 23:11:35,348 - renderBuild took 3476ns
BuildPage.py - 63 - INFO 2023-12-29 23:12:08,245 - Build bingchilling complete, 2296 bytes, files: 4
Decor.py - 19 - INFO 2023-12-29 23:12:08,245 - buildPage took 6858ns
BuildPage.py - 63 - INFO 2023-12-29 23:12:23,797 - Build bingchilling complete, 2296 bytes, files: 4
Decor.py - 19 - INFO 2023-12-29 23:12:23,797 - buildPage took 3733ns
Decor.py - 19 - INFO 2023-12-29 23:12:25,901 - getBuild took 70ns
Decor.py - 19 - INFO 2023-12-29 23:12:25,903 - renderBuild took 1840ns
Decor.py - 19 - INFO 2023-12-29 23:12:56,242 - getBuild took 70ns
Decor.py - 19 - INFO 2023-12-29 23:12:56,245 - renderBuild took 2398ns
Decor.py - 19 - INFO 2023-12-29 23:12:57,501 - getBuild took 39ns
Decor.py - 19 - INFO 2023-12-29 23:12:57,503 - renderBuild took 1804ns
BuildPage.py - 63 - INFO 2023-12-29 23:14:27,686 - Build bingchilling complete, 2296 bytes, files: 4
Decor.py - 19 - INFO 2023-12-29 23:14:27,687 - buildPage took 12344ns
Decor.py - 19 - INFO 2023-12-29 23:14:29,408 - getBuild took 75ns
Decor.py - 19 - INFO 2023-12-29 23:14:29,411 - renderBuild took 2390ns
Decor.py - 19 - INFO 2023-12-29 23:14:58,594 - getBuild took 72ns
Decor.py - 19 - INFO 2023-12-29 23:14:58,596 - renderBuild took 1781ns
Decor.py - 19 - INFO 2023-12-29 23:15:08,552 - getBuild took 57ns
Decor.py - 19 - INFO 2023-12-29 23:15:08,554 - renderBuild took 1945ns
Decor.py - 19 - INFO 2023-12-29 23:15:42,800 - getBuild took 71ns
Decor.py - 19 - INFO 2023-12-29 23:15:42,802 - renderBuild took 2040ns
Decor.py - 19 - INFO 2023-12-29 23:15:53,378 - getBuild took 55ns
Decor.py - 19 - INFO 2023-12-29 23:15:53,380 - renderBuild took 2114ns
Decor.py - 19 - INFO 2023-12-29 23:16:15,224 - getBuild took 81ns
Decor.py - 19 - INFO 2023-12-29 23:16:15,227 - renderBuild took 2261ns
BuildPage.py - 63 - INFO 2023-12-29 23:16:53,656 - Build bingchilling complete, 2296 bytes, files: 4
Decor.py - 19 - INFO 2023-12-29 23:16:53,657 - buildPage took 10393ns
Decor.py - 19 - INFO 2023-12-29 23:17:56,205 - getBuild took 60ns
Decor.py - 19 - INFO 2023-12-29 23:17:56,208 - renderBuild took 2352ns
BuildPage.py - 63 - INFO 2023-12-29 23:19:29,313 - Build bingchilling complete, 2296 bytes, files: 4
Decor.py - 19 - INFO 2023-12-29 23:19:29,314 - buildPage took 22749ns
Decor.py - 19 - INFO 2023-12-29 23:19:41,101 - getBuild took 58ns
Decor.py - 19 - INFO 2023-12-29 23:19:41,107 - renderBuild took 5644ns
BuildPage.py - 63 - INFO 2023-12-29 23:21:02,724 - Build bingchilling complete, 2296 bytes, files: 4
Decor.py - 19 - INFO 2023-12-29 23:21:02,725 - buildPage took 15533ns
BuildPage.py - 63 - INFO 2023-12-29 23:21:05,743 - Build bingchilling complete, 2296 bytes, files: 4
Decor.py - 19 - INFO 2023-12-29 23:21:05,744 - buildPage took 5742ns
Decor.py - 19 - INFO 2023-12-29 23:21:07,394 - getBuild took 63ns
Decor.py - 19 - INFO 2023-12-29 23:21:07,396 - renderBuild took 1917ns
Decor.py - 19 - INFO 2023-12-29 23:21:08,959 - getBuild took 85ns
Decor.py - 19 - INFO 2023-12-29 23:21:08,961 - renderBuild took 2171ns
BuildPage.py - 63 - INFO 2023-12-29 23:21:15,791 - Build bingchilling complete, 2296 bytes, files: 4
Decor.py - 19 - INFO 2023-12-29 23:21:15,792 - buildPage took 4933ns
Decor.py - 19 - INFO 2023-12-29 23:21:17,197 - getBuild took 75ns
Decor.py - 19 - INFO 2023-12-29 23:21:17,200 - renderBuild took 2346ns
BuildPage.py - 63 - INFO 2023-12-29 23:21:56,958 - Build bingchilling complete, 2296 bytes, files: 4
Decor.py - 19 - INFO 2023-12-29 23:21:56,959 - buildPage took 6306ns
Decor.py - 19 - INFO 2023-12-29 23:21:58,927 - getBuild took 57ns
Decor.py - 19 - INFO 2023-12-29 23:21:58,929 - renderBuild took 1754ns
BuildPage.py - 63 - INFO 2023-12-29 23:23:45,910 - Build bingchilling complete, 2297 bytes, files: 4
Decor.py - 19 - INFO 2023-12-29 23:23:45,911 - buildPage took 9977ns
Decor.py - 19 - INFO 2023-12-29 23:23:47,837 - getBuild took 78ns
Decor.py - 19 - INFO 2023-12-29 23:23:47,840 - renderBuild took 2070ns
Decor.py - 19 - INFO 2023-12-29 23:23:55,239 - getBuild took 66ns
Decor.py - 19 - INFO 2023-12-29 23:23:55,241 - renderBuild took 2477ns
BuildPage.py - 63 - INFO 2023-12-29 23:27:36,878 - Build bingchilling complete, 2297 bytes, files: 4
Decor.py - 19 - INFO 2023-12-29 23:27:36,879 - buildPage took 14012ns
Decor.py - 19 - INFO 2023-12-29 23:27:42,877 - getBuild took 105ns
Decor.py - 19 - INFO 2023-12-29 23:27:42,880 - renderBuild took 2778ns
BuildPage.py - 63 - INFO 2023-12-29 23:28:14,051 - Build bingchilling complete, 2297 bytes, files: 4
Decor.py - 19 - INFO 2023-12-29 23:28:14,051 - buildPage took 6724ns
Decor.py - 19 - INFO 2023-12-29 23:28:16,214 - getBuild took 68ns
Decor.py - 19 - INFO 2023-12-29 23:28:16,217 - renderBuild took 2218ns
Decor.py - 19 - INFO 2023-12-29 23:42:05,437 - getBuild took 621ns
Decor.py - 19 - INFO 2023-12-29 23:42:05,445 - renderBuild took 7073ns
BuildPage.py - 63 - INFO 2023-12-29 23:50:34,035 - Build bingchilling complete, 2297 bytes, files: 4
Decor.py - 19 - INFO 2023-12-29 23:50:34,035 - buildPage took 5811ns
BuildPage.py - 63 - INFO 2023-12-29 23:50:34,055 - Build legacy complete, 4049 bytes, files: 4
Decor.py - 19 - INFO 2023-12-29 23:50:34,055 - buildPage took 20106ns
Decor.py - 19 - INFO 2023-12-29 23:50:35,611 - getBuild took 68ns
Decor.py - 19 - INFO 2023-12-29 23:50:35,614 - renderBuild took 2168ns
Decor.py - 19 - INFO 2023-12-29 23:51:30,474 - getBuild took 57ns
Decor.py - 19 - INFO 2023-12-29 23:51:30,476 - renderBuild took 1603ns
BuildPage.py - 63 - INFO 2023-12-29 23:53:02,114 - Build legacy complete, 3823 bytes, files: 4
Decor.py - 19 - INFO 2023-12-29 23:53:02,114 - buildPage took 11953ns
Decor.py - 19 - INFO 2023-12-29 23:53:20,695 - getBuild took 69ns
Decor.py - 19 - INFO 2023-12-29 23:53:20,697 - renderBuild took 1796ns
BuildPage.py - 63 - INFO 2023-12-29 23:56:19,770 - Build legacy complete, 3509 bytes, files: 4
Decor.py - 19 - INFO 2023-12-29 23:56:19,771 - buildPage took 9778ns
BuildPage.py - 63 - INFO 2023-12-29 23:57:03,984 - Build legacy complete, 3382 bytes, files: 4
Decor.py - 19 - INFO 2023-12-29 23:57:03,984 - buildPage took 4617ns
BuildPage.py - 63 - INFO 2023-12-29 23:57:13,239 - Build legacy complete, 3382 bytes, files: 4
Decor.py - 19 - INFO 2023-12-29 23:57:13,239 - buildPage took 5257ns
BuildPage.py - 63 - INFO 2023-12-29 23:57:14,335 - Build legacy complete, 3382 bytes, files: 4
Decor.py - 19 - INFO 2023-12-29 23:57:14,335 - buildPage took 4102ns
Decor.py - 19 - INFO 2023-12-29 23:58:38,664 - getBuild took 358ns
Decor.py - 19 - INFO 2023-12-29 23:58:38,669 - renderBuild took 3829ns
BuildPage.py - 63 - INFO 2023-12-29 23:58:58,586 - Build legacy complete, 3541 bytes, files: 4
Decor.py - 19 - INFO 2023-12-29 23:58:58,586 - buildPage took 4878ns
BuildPage.py - 63 - INFO 2023-12-29 23:59:13,827 - Build legacy complete, 3541 bytes, files: 4
Decor.py - 19 - INFO 2023-12-29 23:59:13,827 - buildPage took 4544ns
BuildPage.py - 63 - INFO 2023-12-29 23:59:16,551 - Build legacy complete, 3541 bytes, files: 4
Decor.py - 19 - INFO 2023-12-29 23:59:16,551 - buildPage took 5925ns
BuildPage.py - 63 - INFO 2023-12-29 23:59:46,030 - Build legacy complete, 3477 bytes, files: 4
Decor.py - 19 - INFO 2023-12-29 23:59:46,030 - buildPage took 5417ns
BuildPage.py - 63 - INFO 2023-12-30 00:00:57,632 - Build legacy complete, 4106 bytes, files: 4
Decor.py - 19 - INFO 2023-12-30 00:00:57,633 - buildPage took 9788ns
Decor.py - 19 - INFO 2023-12-30 00:01:01,075 - getBuild took 64ns
Decor.py - 19 - INFO 2023-12-30 00:01:01,077 - renderBuild took 1951ns
BuildPage.py - 63 - INFO 2023-12-30 00:02:57,133 - Build legacy complete, 4114 bytes, files: 4
Decor.py - 19 - INFO 2023-12-30 00:02:57,133 - buildPage took 6373ns
Decor.py - 19 - INFO 2023-12-30 00:03:01,034 - getBuild took 71ns
Decor.py - 19 - INFO 2023-12-30 00:03:01,037 - renderBuild took 2178ns
BuildPage.py - 63 - INFO 2023-12-30 00:03:19,512 - Build legacy complete, 4114 bytes, files: 4
Decor.py - 19 - INFO 2023-12-30 00:03:19,513 - buildPage took 6091ns
Decor.py - 19 - INFO 2023-12-30 00:03:20,876 - getBuild took 60ns
Decor.py - 19 - INFO 2023-12-30 00:03:20,878 - renderBuild took 1535ns
BuildPage.py - 63 - INFO 2023-12-30 00:04:30,561 - Build legacy complete, 4035 bytes, files: 4
Decor.py - 19 - INFO 2023-12-30 00:04:30,561 - buildPage took 18330ns
Decor.py - 19 - INFO 2023-12-30 00:04:32,773 - getBuild took 55ns
Decor.py - 19 - INFO 2023-12-30 00:04:32,775 - renderBuild took 1514ns
BuildPage.py - 63 - INFO 2023-12-30 00:05:09,818 - Build legacy complete, 4035 bytes, files: 4
Decor.py - 19 - INFO 2023-12-30 00:05:09,818 - buildPage took 4698ns
Decor.py - 19 - INFO 2023-12-30 00:05:14,753 - getBuild took 48ns
Decor.py - 19 - INFO 2023-12-30 00:05:14,755 - renderBuild took 1522ns
BuildPage.py - 63 - INFO 2023-12-30 00:05:49,114 - Build legacy complete, 4035 bytes, files: 4
Decor.py - 19 - INFO 2023-12-30 00:05:49,115 - buildPage took 9813ns
Decor.py - 19 - INFO 2023-12-30 00:05:52,783 - getBuild took 119ns
Decor.py - 19 - INFO 2023-12-30 00:05:52,785 - renderBuild took 2294ns
BuildPage.py - 63 - INFO 2023-12-30 00:06:42,034 - Build legacy complete, 4035 bytes, files: 4
Decor.py - 19 - INFO 2023-12-30 00:06:42,034 - buildPage took 5655ns
Decor.py - 19 - INFO 2023-12-30 00:06:43,261 - getBuild took 55ns
Decor.py - 19 - INFO 2023-12-30 00:06:43,263 - renderBuild took 1575ns
BuildPage.py - 63 - INFO 2023-12-30 00:07:11,437 - Build legacy complete, 4029 bytes, files: 4
Decor.py - 19 - INFO 2023-12-30 00:07:11,437 - buildPage took 9256ns
BuildPage.py - 63 - INFO 2023-12-30 00:07:39,339 - Build legacy complete, 4029 bytes, files: 4
Decor.py - 19 - INFO 2023-12-30 00:07:39,339 - buildPage took 4811ns
Decor.py - 19 - INFO 2023-12-30 00:07:40,168 - getBuild took 67ns
Decor.py - 19 - INFO 2023-12-30 00:07:40,170 - renderBuild took 1799ns
BuildPage.py - 63 - INFO 2023-12-30 00:08:16,444 - Build legacy complete, 3958 bytes, files: 4
Decor.py - 19 - INFO 2023-12-30 00:08:16,444 - buildPage took 7275ns
BuildPage.py - 63 - INFO 2023-12-30 00:10:34,702 - Build legacy complete, 3958 bytes, files: 4
Decor.py - 19 - INFO 2023-12-30 00:10:34,702 - buildPage took 6738ns
BuildPage.py - 63 - INFO 2023-12-30 00:11:10,728 - Build legacy complete, 3958 bytes, files: 4
Decor.py - 19 - INFO 2023-12-30 00:11:10,728 - buildPage took 10833ns
BuildPage.py - 63 - INFO 2023-12-30 00:11:32,615 - Build legacy complete, 3958 bytes, files: 4
Decor.py - 19 - INFO 2023-12-30 00:11:32,615 - buildPage took 5004ns
Decor.py - 19 - INFO 2023-12-30 00:11:38,232 - getBuild took 64ns
Decor.py - 19 - INFO 2023-12-30 00:11:38,234 - renderBuild took 2048ns
BuildPage.py - 63 - INFO 2023-12-30 00:11:58,831 - Build legacy complete, 3958 bytes, files: 4
Decor.py - 19 - INFO 2023-12-30 00:11:58,832 - buildPage took 6342ns
Decor.py - 19 - INFO 2023-12-30 00:12:01,151 - getBuild took 72ns
Decor.py - 19 - INFO 2023-12-30 00:12:01,154 - renderBuild took 2183ns
BuildPage.py - 63 - INFO 2023-12-30 00:12:42,005 - Build legacy complete, 3958 bytes, files: 4
Decor.py - 19 - INFO 2023-12-30 00:12:42,006 - buildPage took 4500ns
Decor.py - 19 - INFO 2023-12-30 00:12:43,103 - getBuild took 37ns
Decor.py - 19 - INFO 2023-12-30 00:12:43,105 - renderBuild took 1466ns
BuildPage.py - 63 - INFO 2023-12-30 00:13:42,704 - Build legacy complete, 3958 bytes, files: 4
Decor.py - 19 - INFO 2023-12-30 00:13:42,704 - buildPage took 9273ns
Decor.py - 19 - INFO 2023-12-30 00:13:44,222 - getBuild took 75ns
Decor.py - 19 - INFO 2023-12-30 00:13:44,224 - renderBuild took 1692ns
Decor.py - 19 - INFO 2023-12-30 00:14:30,076 - getBuild took 67ns
Decor.py - 19 - INFO 2023-12-30 00:14:30,078 - renderBuild took 1756ns
Decor.py - 19 - INFO 2023-12-30 00:14:38,224 - getBuild took 78ns
Decor.py - 19 - INFO 2023-12-30 00:14:38,226 - renderBuild took 1706ns
BuildPage.py - 63 - INFO 2023-12-30 00:15:53,123 - Build legacy complete, 3910 bytes, files: 4
Decor.py - 19 - INFO 2023-12-30 00:15:53,123 - buildPage took 5802ns
Decor.py - 19 - INFO 2023-12-30 00:15:55,942 - getBuild took 87ns
Decor.py - 19 - INFO 2023-12-30 00:15:55,944 - renderBuild took 2304ns
BuildPage.py - 63 - INFO 2023-12-30 00:17:59,157 - Build legacy complete, 3910 bytes, files: 4
Decor.py - 19 - INFO 2023-12-30 00:17:59,158 - buildPage took 7689ns
Decor.py - 19 - INFO 2023-12-30 00:18:00,658 - getBuild took 73ns
Decor.py - 19 - INFO 2023-12-30 00:18:00,660 - renderBuild took 1702ns
BuildPage.py - 63 - INFO 2023-12-30 00:19:05,725 - Build legacy complete, 3832 bytes, files: 4
Decor.py - 19 - INFO 2023-12-30 00:19:05,726 - buildPage took 7454ns
BuildPage.py - 63 - INFO 2023-12-30 00:19:21,594 - Build legacy complete, 3832 bytes, files: 4
Decor.py - 19 - INFO 2023-12-30 00:19:21,594 - buildPage took 5543ns
Decor.py - 19 - INFO 2023-12-30 00:19:34,751 - getBuild took 53ns
Decor.py - 19 - INFO 2023-12-30 00:19:34,752 - renderBuild took 1634ns
BuildPage.py - 63 - INFO 2023-12-30 00:20:31,438 - Build legacy complete, 3752 bytes, files: 4
Decor.py - 19 - INFO 2023-12-30 00:20:31,439 - buildPage took 5587ns
BuildPage.py - 63 - INFO 2023-12-30 00:20:48,981 - Build legacy complete, 3752 bytes, files: 4
Decor.py - 19 - INFO 2023-12-30 00:20:48,982 - buildPage took 4845ns
Decor.py - 19 - INFO 2023-12-30 00:20:50,405 - getBuild took 72ns
Decor.py - 19 - INFO 2023-12-30 00:20:50,407 - renderBuild took 1640ns
BuildPage.py - 63 - INFO 2023-12-30 00:20:56,627 - Build legacy complete, 3752 bytes, files: 4
Decor.py - 19 - INFO 2023-12-30 00:20:56,627 - buildPage took 4167ns
Decor.py - 19 - INFO 2023-12-30 00:20:58,196 - getBuild took 60ns
Decor.py - 19 - INFO 2023-12-30 00:20:58,198 - renderBuild took 1629ns
BuildPage.py - 63 - INFO 2023-12-30 00:21:22,805 - Build legacy complete, 3752 bytes, files: 4
Decor.py - 19 - INFO 2023-12-30 00:21:22,806 - buildPage took 5687ns
Decor.py - 19 - INFO 2023-12-30 00:21:23,833 - getBuild took 59ns
Decor.py - 19 - INFO 2023-12-30 00:21:23,835 - renderBuild took 1905ns
BuildPage.py - 63 - INFO 2023-12-30 00:21:45,794 - Build legacy complete, 3752 bytes, files: 4
Decor.py - 19 - INFO 2023-12-30 00:21:45,795 - buildPage took 7144ns
Decor.py - 19 - INFO 2023-12-30 00:21:46,343 - getBuild took 54ns
Decor.py - 19 - INFO 2023-12-30 00:21:46,344 - renderBuild took 1576ns
Decor.py - 19 - INFO 2023-12-30 00:22:05,407 - getBuild took 41ns
Decor.py - 19 - INFO 2023-12-30 00:22:05,409 - renderBuild took 1542ns
BuildPage.py - 63 - INFO 2023-12-30 00:22:33,859 - Build legacy complete, 3752 bytes, files: 4
Decor.py - 19 - INFO 2023-12-30 00:22:33,859 - buildPage took 7285ns
BuildPage.py - 63 - INFO 2023-12-30 00:22:48,603 - Build legacy complete, 3599 bytes, files: 4
Decor.py - 19 - INFO 2023-12-30 00:22:48,603 - buildPage took 4342ns
Decor.py - 19 - INFO 2023-12-30 00:22:51,750 - getBuild took 62ns
Decor.py - 19 - INFO 2023-12-30 00:22:51,752 - renderBuild took 2012ns
BuildPage.py - 63 - INFO 2023-12-30 00:23:20,707 - Build legacy complete, 3599 bytes, files: 4
Decor.py - 19 - INFO 2023-12-30 00:23:20,707 - buildPage took 4744ns
Decor.py - 19 - INFO 2023-12-30 00:23:21,857 - getBuild took 53ns
Decor.py - 19 - INFO 2023-12-30 00:23:21,859 - renderBuild took 1696ns
BuildPage.py - 63 - INFO 2023-12-30 00:23:50,210 - Build legacy complete, 3532 bytes, files: 4
Decor.py - 19 - INFO 2023-12-30 00:23:50,210 - buildPage took 5069ns
Decor.py - 19 - INFO 2023-12-30 00:23:57,550 - getBuild took 57ns
Decor.py - 19 - INFO 2023-12-30 00:23:57,552 - renderBuild took 1767ns
BuildPage.py - 63 - INFO 2023-12-30 00:25:40,558 - Build legacy complete, 3548 bytes, files: 4
Decor.py - 19 - INFO 2023-12-30 00:25:40,559 - buildPage took 12131ns
BuildPage.py - 63 - INFO 2023-12-30 00:26:33,494 - Build legacy complete, 3548 bytes, files: 4
Decor.py - 19 - INFO 2023-12-30 00:26:33,494 - buildPage took 7095ns
BuildPage.py - 63 - INFO 2023-12-30 00:27:02,929 - Build legacy complete, 3548 bytes, files: 4
Decor.py - 19 - INFO 2023-12-30 00:27:02,929 - buildPage took 6570ns
BuildPage.py - 63 - INFO 2023-12-30 00:27:03,489 - Build legacy complete, 3548 bytes, files: 4
Decor.py - 19 - INFO 2023-12-30 00:27:03,489 - buildPage took 6194ns
BuildPage.py - 63 - INFO 2023-12-30 00:27:05,669 - Build legacy complete, 3548 bytes, files: 4
Decor.py - 19 - INFO 2023-12-30 00:27:05,670 - buildPage took 4983ns
BuildPage.py - 63 - INFO 2023-12-30 00:27:34,671 - Build legacy complete, 3552 bytes, files: 4
Decor.py - 19 - INFO 2023-12-30 00:27:34,672 - buildPage took 6215ns
Decor.py - 19 - INFO 2023-12-30 00:27:39,986 - getBuild took 100ns
Decor.py - 19 - INFO 2023-12-30 00:27:39,989 - renderBuild took 1879ns
Decor.py - 19 - INFO 2023-12-30 00:28:07,994 - getBuild took 76ns
Decor.py - 19 - INFO 2023-12-30 00:28:07,997 - renderBuild took 1976ns
Decor.py - 19 - INFO 2023-12-30 00:28:09,652 - getBuild took 54ns
Decor.py - 19 - INFO 2023-12-30 00:28:09,653 - renderBuild took 1366ns
Decor.py - 19 - INFO 2023-12-30 00:28:09,775 - getBuild took 55ns
Decor.py - 19 - INFO 2023-12-30 00:28:09,777 - renderBuild took 1349ns
Decor.py - 19 - INFO 2023-12-30 00:31:33,829 - getBuild took 1558ns
Decor.py - 19 - INFO 2023-12-30 00:31:33,834 - renderBuild took 4047ns
Decor.py - 19 - INFO 2023-12-30 00:31:42,468 - getBuild took 896ns
Decor.py - 19 - INFO 2023-12-30 00:31:42,470 - renderBuild took 1375ns
Decor.py - 19 - INFO 2023-12-30 00:47:57,898 - getBuild took 194ns
Decor.py - 19 - INFO 2023-12-30 00:47:57,902 - renderBuild took 3337ns
Decor.py - 19 - INFO 2023-12-30 01:15:01,151 - getBuild took 450ns
Decor.py - 19 - INFO 2023-12-30 01:15:01,160 - renderBuild took 6570ns
Decor.py - 19 - INFO 2023-12-30 01:22:10,744 - getBuild took 914ns
Decor.py - 19 - INFO 2023-12-30 01:22:10,752 - renderBuild took 5093ns
BuildPage.py - 63 - INFO 2023-12-30 01:37:18,427 - Build legacy complete, 3479 bytes, files: 4
Decor.py - 19 - INFO 2023-12-30 01:37:18,433 - buildPage took 51384ns
BuildPage.py - 63 - INFO 2023-12-30 01:37:43,974 - Build legacy complete, 3410 bytes, files: 4
Decor.py - 19 - INFO 2023-12-30 01:37:43,975 - buildPage took 6993ns
BuildPage.py - 63 - INFO 2023-12-30 01:38:21,781 - Build legacy complete, 3410 bytes, files: 4
Decor.py - 19 - INFO 2023-12-30 01:38:21,781 - buildPage took 5782ns
Decor.py - 19 - INFO 2023-12-30 01:38:31,570 - getBuild took 81ns
Decor.py - 19 - INFO 2023-12-30 01:38:31,573 - renderBuild took 2230ns
BuildPage.py - 63 - INFO 2023-12-30 01:42:56,364 - Build legacy complete, 3410 bytes, files: 4
Decor.py - 19 - INFO 2023-12-30 01:42:56,365 - buildPage took 9624ns
BuildPage.py - 63 - INFO 2023-12-30 01:43:37,226 - Build legacy complete, 3410 bytes, files: 4
Decor.py - 19 - INFO 2023-12-30 01:43:37,226 - buildPage took 4543ns
Decor.py - 19 - INFO 2023-12-30 01:43:38,491 - getBuild took 119ns
Decor.py - 19 - INFO 2023-12-30 01:43:38,494 - renderBuild took 2351ns
BuildPage.py - 63 - INFO 2023-12-30 01:44:38,715 - Build legacy complete, 3410 bytes, files: 4
Decor.py - 19 - INFO 2023-12-30 01:44:38,716 - buildPage took 8980ns
Decor.py - 19 - INFO 2023-12-30 01:44:39,727 - getBuild took 276ns
Decor.py - 19 - INFO 2023-12-30 01:44:39,733 - renderBuild took 5698ns
BuildPage.py - 63 - INFO 2023-12-30 01:46:54,190 - Build legacy complete, 3410 bytes, files: 4
Decor.py - 19 - INFO 2023-12-30 01:46:54,191 - buildPage took 30159ns
Decor.py - 19 - INFO 2023-12-30 01:46:55,327 - getBuild took 115ns
Decor.py - 19 - INFO 2023-12-30 01:46:55,331 - renderBuild took 3455ns
BuildPage.py - 63 - INFO 2023-12-30 01:51:50,352 - Build legacy complete, 3410 bytes, files: 4
Decor.py - 19 - INFO 2023-12-30 01:51:50,356 - buildPage took 23048ns
Decor.py - 19 - INFO 2023-12-30 01:51:51,532 - getBuild took 119ns
Decor.py - 19 - INFO 2023-12-30 01:51:51,540 - renderBuild took 2667ns
BuildPage.py - 63 - INFO 2023-12-30 01:52:06,944 - Build legacy complete, 3410 bytes, files: 4
Decor.py - 19 - INFO 2023-12-30 01:52:06,944 - buildPage took 4704ns
Decor.py - 19 - INFO 2023-12-30 01:52:07,886 - getBuild took 63ns
Decor.py - 19 - INFO 2023-12-30 01:52:07,892 - renderBuild took 6551ns
BuildPage.py - 63 - INFO 2023-12-30 01:54:59,568 - Build legacy complete, 3410 bytes, files: 4
Decor.py - 19 - INFO 2023-12-30 01:54:59,570 - buildPage took 11080ns
Decor.py - 19 - INFO 2023-12-30 01:55:00,542 - getBuild took 144ns
Decor.py - 19 - INFO 2023-12-30 01:55:00,545 - renderBuild took 2693ns
BuildPage.py - 63 - INFO 2023-12-30 01:55:09,451 - Build legacy complete, 3410 bytes, files: 4
Decor.py - 19 - INFO 2023-12-30 01:55:09,452 - buildPage took 6022ns
BuildPage.py - 63 - INFO 2023-12-30 01:55:11,098 - Build legacy complete, 3410 bytes, files: 4
Decor.py - 19 - INFO 2023-12-30 01:55:11,098 - buildPage took 4596ns
Decor.py - 19 - INFO 2023-12-30 01:55:12,268 - getBuild took 77ns
Decor.py - 19 - INFO 2023-12-30 01:55:12,270 - renderBuild took 1568ns
BuildPage.py - 63 - INFO 2023-12-30 01:56:12,560 - Build legacy complete, 3410 bytes, files: 4
Decor.py - 19 - INFO 2023-12-30 01:56:12,561 - buildPage took 8828ns
Decor.py - 19 - INFO 2023-12-30 01:56:13,978 - getBuild took 116ns
Decor.py - 19 - INFO 2023-12-30 01:56:13,981 - renderBuild took 2320ns
Decor.py - 19 - INFO 2023-12-30 01:56:21,216 - getBuild took 59ns
Decor.py - 19 - INFO 2023-12-30 01:56:21,218 - renderBuild took 1647ns
Decor.py - 19 - INFO 2023-12-30 01:56:35,467 - getBuild took 77ns
Decor.py - 19 - INFO 2023-12-30 01:56:35,469 - renderBuild took 1647ns
BuildPage.py - 63 - INFO 2023-12-30 01:57:17,355 - Build legacy complete, 3410 bytes, files: 4
Decor.py - 19 - INFO 2023-12-30 01:57:17,355 - buildPage took 4542ns
Decor.py - 19 - INFO 2023-12-30 01:57:22,537 - getBuild took 64ns
Decor.py - 19 - INFO 2023-12-30 01:57:22,539 - renderBuild took 1418ns
Decor.py - 19 - INFO 2023-12-30 01:57:29,502 - getBuild took 93ns
Decor.py - 19 - INFO 2023-12-30 01:57:29,504 - renderBuild took 2245ns
Decor.py - 19 - INFO 2023-12-30 01:57:40,337 - getBuild took 81ns
Decor.py - 19 - INFO 2023-12-30 01:57:40,339 - renderBuild took 1440ns
BuildPage.py - 63 - INFO 2023-12-30 01:58:14,897 - Build legacy complete, 3410 bytes, files: 4
Decor.py - 19 - INFO 2023-12-30 01:58:14,898 - buildPage took 8775ns
BuildPage.py - 63 - INFO 2023-12-30 01:58:36,560 - Build legacy complete, 3410 bytes, files: 4
Decor.py - 19 - INFO 2023-12-30 01:58:36,561 - buildPage took 5813ns
Decor.py - 19 - INFO 2023-12-30 01:58:38,034 - getBuild took 123ns
Decor.py - 19 - INFO 2023-12-30 01:58:38,037 - renderBuild took 2243ns
BuildPage.py - 63 - INFO 2023-12-30 02:00:27,066 - Build legacy complete, 3410 bytes, files: 4
Decor.py - 19 - INFO 2023-12-30 02:00:27,067 - buildPage took 6554ns
Decor.py - 19 - INFO 2023-12-30 02:00:28,371 - getBuild took 93ns
Decor.py - 19 - INFO 2023-12-30 02:00:28,374 - renderBuild took 2345ns
BuildPage.py - 63 - INFO 2023-12-30 02:03:18,045 - Build legacy complete, 3410 bytes, files: 4
Decor.py - 19 - INFO 2023-12-30 02:03:18,046 - buildPage took 12793ns
Decor.py - 19 - INFO 2023-12-30 02:03:19,117 - getBuild took 75ns
Decor.py - 19 - INFO 2023-12-30 02:03:19,119 - renderBuild took 1935ns
BuildPage.py - 63 - INFO 2023-12-30 02:20:55,662 - Build legacy complete, 3410 bytes, files: 4
Decor.py - 19 - INFO 2023-12-30 02:20:55,663 - buildPage took 12357ns
Decor.py - 19 - INFO 2023-12-30 02:20:56,489 - getBuild took 56ns
Decor.py - 19 - INFO 2023-12-30 02:20:56,491 - renderBuild took 1693ns
BuildPage.py - 63 - INFO 2023-12-30 02:22:27,260 - Build legacy complete, 3410 bytes, files: 4
Decor.py - 19 - INFO 2023-12-30 02:22:27,261 - buildPage took 8600ns
BuildPage.py - 63 - INFO 2023-12-30 02:24:10,082 - Build legacy complete, 3410 bytes, files: 4
Decor.py - 19 - INFO 2023-12-30 02:24:10,083 - buildPage took 8538ns
BuildPage.py - 63 - INFO 2023-12-30 02:24:38,031 - Build legacy complete, 3461 bytes, files: 4
Decor.py - 19 - INFO 2023-12-30 02:24:38,032 - buildPage took 4968ns
BuildPage.py - 63 - INFO 2023-12-30 02:25:05,441 - Build legacy complete, 3461 bytes, files: 4
Decor.py - 19 - INFO 2023-12-30 02:25:05,442 - buildPage took 4340ns
Decor.py - 19 - INFO 2023-12-30 02:25:07,410 - getBuild took 71ns
Decor.py - 19 - INFO 2023-12-30 02:25:07,412 - renderBuild took 1831ns
BuildPage.py - 63 - INFO 2023-12-30 02:25:32,837 - Build legacy complete, 3461 bytes, files: 4
Decor.py - 19 - INFO 2023-12-30 02:25:32,837 - buildPage took 4288ns
BuildPage.py - 63 - INFO 2023-12-30 02:25:50,497 - Build legacy complete, 3507 bytes, files: 4
Decor.py - 19 - INFO 2023-12-30 02:25:50,497 - buildPage took 4234ns
Decor.py - 19 - INFO 2023-12-30 02:25:56,709 - getBuild took 60ns
Decor.py - 19 - INFO 2023-12-30 02:25:56,710 - renderBuild took 1437ns
BuildPage.py - 63 - INFO 2023-12-30 02:27:19,225 - Build legacy complete, 3507 bytes, files: 4
Decor.py - 19 - INFO 2023-12-30 02:27:19,226 - buildPage took 7847ns
BuildPage.py - 63 - INFO 2023-12-30 02:27:36,260 - Build legacy complete, 3509 bytes, files: 4
Decor.py - 19 - INFO 2023-12-30 02:27:36,260 - buildPage took 4376ns
Decor.py - 19 - INFO 2023-12-30 02:27:40,121 - getBuild took 47ns
Decor.py - 19 - INFO 2023-12-30 02:27:40,123 - renderBuild took 1535ns
BuildPage.py - 63 - INFO 2023-12-30 02:27:55,993 - Build legacy complete, 3487 bytes, files: 4
Decor.py - 19 - INFO 2023-12-30 02:27:55,993 - buildPage took 4385ns
Decor.py - 19 - INFO 2023-12-30 02:27:56,878 - getBuild took 45ns
Decor.py - 19 - INFO 2023-12-30 02:27:56,880 - renderBuild took 1951ns
BuildPage.py - 63 - INFO 2023-12-30 02:28:11,877 - Build legacy complete, 3487 bytes, files: 4
Decor.py - 19 - INFO 2023-12-30 02:28:11,877 - buildPage took 5782ns
Decor.py - 19 - INFO 2023-12-30 02:28:12,349 - getBuild took 54ns
Decor.py - 19 - INFO 2023-12-30 02:28:12,350 - renderBuild took 1374ns
BuildPage.py - 63 - INFO 2023-12-30 02:28:45,990 - Build legacy complete, 3487 bytes, files: 4
Decor.py - 19 - INFO 2023-12-30 02:28:45,990 - buildPage took 7007ns
Decor.py - 19 - INFO 2023-12-30 02:28:46,738 - getBuild took 46ns
Decor.py - 19 - INFO 2023-12-30 02:28:46,740 - renderBuild took 1656ns
BuildPage.py - 63 - INFO 2023-12-30 02:31:24,081 - Build legacy complete, 3487 bytes, files: 4
Decor.py - 19 - INFO 2023-12-30 02:31:24,082 - buildPage took 12162ns
Decor.py - 19 - INFO 2023-12-30 02:31:24,993 - getBuild took 54ns
Decor.py - 19 - INFO 2023-12-30 02:31:24,995 - renderBuild took 1599ns
BuildPage.py - 63 - INFO 2023-12-30 02:32:05,852 - Build legacy complete, 3487 bytes, files: 4
Decor.py - 19 - INFO 2023-12-30 02:32:05,852 - buildPage took 7370ns
Decor.py - 19 - INFO 2023-12-30 02:32:07,413 - getBuild took 84ns
Decor.py - 19 - INFO 2023-12-30 02:32:07,415 - renderBuild took 1659ns
BuildPage.py - 63 - INFO 2023-12-30 02:32:38,819 - Build legacy complete, 3487 bytes, files: 4
Decor.py - 19 - INFO 2023-12-30 02:32:38,820 - buildPage took 5446ns
Decor.py - 19 - INFO 2023-12-30 02:32:40,253 - getBuild took 54ns
Decor.py - 19 - INFO 2023-12-30 02:32:40,254 - renderBuild took 1348ns
Decor.py - 19 - INFO 2023-12-30 02:33:08,190 - getBuild took 75ns
Decor.py - 19 - INFO 2023-12-30 02:33:08,192 - renderBuild took 1611ns
Decor.py - 19 - INFO 2023-12-30 02:33:15,656 - getBuild took 30ns
Decor.py - 19 - INFO 2023-12-30 02:33:15,658 - renderBuild took 1499ns
BuildPage.py - 63 - INFO 2023-12-30 02:34:14,410 - Build legacy complete, 3474 bytes, files: 4
Decor.py - 19 - INFO 2023-12-30 02:34:14,411 - buildPage took 7194ns
Decor.py - 19 - INFO 2023-12-30 02:34:15,531 - getBuild took 74ns
Decor.py - 19 - INFO 2023-12-30 02:34:15,533 - renderBuild took 1930ns
